#
# A fatal error has been detected by the Java Runtime Environment:
#
#  Internal Error (javaClasses.cpp:136), pid=7320, tid=9036
#  fatal error: Invalid layout of preloaded class
#
# JRE version:  (7.0_51-b13) (build )
# Java VM: Java HotSpot(TM) 64-Bit Server VM (24.51-b03 mixed mode windows-amd64 compressed oops)
# Failed to write core dump. Minidumps are not enabled by default on client versions of Windows
#
# If you would like to submit a bug report, please visit:
#   http://bugreport.sun.com/bugreport/crash.jsp
#

---------------  T H R E A D  ---------------

Current thread (0x0000000002c2d800):  JavaThread "Unknown thread" [_thread_in_vm, id=9036, stack(0x00000000026d0000,0x00000000027d0000)]

Stack: [0x00000000026d0000,0x00000000027d0000]

---------------  P R O C E S S  ---------------

Java Threads: ( => current thread )

Other Threads:

=>0x0000000002c2d800 (exited) JavaThread "Unknown thread" [_thread_in_vm, id=9036, stack(0x00000000026d0000,0x00000000027d0000)]

VM state:not at safepoint (not fully initialized)

VM Mutex/Monitor currently owned by a thread: None

GC Heap History (0 events):
No events

Deoptimization events (0 events):
No events

Internal exceptions (0 events):
No events

Events (10 events):
Event: 0.009 loading class 0x0000000002b0f420 done
Event: 0.009 loading class 0x0000000002b0ee40 done
Event: 0.009 loading class 0x0000000002b0ee20
Event: 0.009 loading class 0x0000000002b16f30
Event: 0.009 loading class 0x0000000002b16f30 done
Event: 0.009 loading class 0x0000000002b16f60
Event: 0.009 loading class 0x0000000002b16f60 done
Event: 0.009 loading class 0x0000000002b16f90
Event: 0.009 loading class 0x0000000002b16f90 done
Event: 0.009 loading class 0x0000000002b0ee20 done


Dynamic libraries:
0x00007ff682f90000 - 0x00007ff682fc3000 	C:\Program Files\Java\jre7\bin\javaw.exe
0x00007ffbf6040000 - 0x00007ffbf61ec000 	C:\WINDOWS\SYSTEM32\ntdll.dll
0x00007ffbf4f90000 - 0x00007ffbf50ce000 	C:\WINDOWS\system32\KERNEL32.DLL
0x00007ffbf34f0000 - 0x00007ffbf3605000 	C:\WINDOWS\system32\KERNELBASE.dll
0x00007ffbf1d30000 - 0x00007ffbf1dbe000 	C:\WINDOWS\system32\apphelp.dll
0x00007ffbe72f0000 - 0x00007ffbe7343000 	C:\WINDOWS\AppPatch\AppPatch64\AcGenral.DLL
0x00007ffbf5cf0000 - 0x00007ffbf5d9a000 	C:\WINDOWS\system32\msvcrt.dll
0x00007ffbf3030000 - 0x00007ffbf305e000 	C:\WINDOWS\SYSTEM32\SspiCli.dll
0x00007ffbf5580000 - 0x00007ffbf55d4000 	C:\WINDOWS\system32\SHLWAPI.dll
0x00007ffbf5350000 - 0x00007ffbf54c7000 	C:\WINDOWS\system32\USER32.dll
0x00007ffbf50d0000 - 0x00007ffbf5264000 	C:\WINDOWS\system32\ole32.dll
0x00007ffbf36c0000 - 0x00007ffbf4bd8000 	C:\WINDOWS\system32\SHELL32.dll
0x00007ffbf27b0000 - 0x00007ffbf27d1000 	C:\WINDOWS\SYSTEM32\USERENV.dll
0x00007ffbf54d0000 - 0x00007ffbf557a000 	C:\WINDOWS\system32\ADVAPI32.dll
0x00007ffbe91d0000 - 0x00007ffbe91ee000 	C:\WINDOWS\SYSTEM32\MPR.dll
0x00007ffbf4e00000 - 0x00007ffbf4f41000 	C:\WINDOWS\system32\RPCRT4.dll
0x00007ffbf5280000 - 0x00007ffbf52d9000 	C:\WINDOWS\SYSTEM32\sechost.dll
0x00007ffbf5870000 - 0x00007ffbf5a81000 	C:\WINDOWS\SYSTEM32\combase.dll
0x00007ffbf56b0000 - 0x00007ffbf5801000 	C:\WINDOWS\system32\GDI32.dll
0x00007ffbf3190000 - 0x00007ffbf31a5000 	C:\WINDOWS\SYSTEM32\profapi.dll
0x00007ffbf16e0000 - 0x00007ffbf1792000 	C:\WINDOWS\SYSTEM32\SHCORE.dll
0x00007ffbf5a90000 - 0x00007ffbf5ac6000 	C:\WINDOWS\system32\IMM32.DLL
0x00007ffbf5ad0000 - 0x00007ffbf5c21000 	C:\WINDOWS\system32\MSCTF.dll
0x00007ffbf10b0000 - 0x00007ffbf132b000 	C:\WINDOWS\WinSxS\amd64_microsoft.windows.common-controls_6595b64144ccf1df_6.0.9600.17415_none_6240486fecbd8abb\COMCTL32.dll
0x000000006abd0000 - 0x000000006aca2000 	C:\Program Files\Java\jre7\bin\msvcr100.dll
0x000000006a400000 - 0x000000006abc9000 	C:\Program Files\Java\jre7\bin\server\jvm.dll
0x00007ffbe9dc0000 - 0x00007ffbe9dc9000 	C:\WINDOWS\SYSTEM32\WSOCK32.dll
0x00007ffbf06d0000 - 0x00007ffbf06f2000 	C:\WINDOWS\SYSTEM32\WINMM.dll
0x00007ffbf4c40000 - 0x00007ffbf4c47000 	C:\WINDOWS\system32\PSAPI.DLL
0x00007ffbf5810000 - 0x00007ffbf586a000 	C:\WINDOWS\system32\WS2_32.dll
0x00007ffbf0690000 - 0x00007ffbf06ba000 	C:\WINDOWS\SYSTEM32\WINMMBASE.dll
0x00007ffbf5270000 - 0x00007ffbf5279000 	C:\WINDOWS\system32\NSI.dll
0x00007ffbf3670000 - 0x00007ffbf36bf000 	C:\WINDOWS\SYSTEM32\cfgmgr32.dll
0x00007ffbf1fa0000 - 0x00007ffbf1fc8000 	C:\WINDOWS\SYSTEM32\DEVOBJ.dll
0x000000006c4c0000 - 0x000000006c4cf000 	C:\Program Files\Java\jre7\bin\verify.dll
0x000000006a3d0000 - 0x000000006a3f8000 	C:\Program Files\Java\jre7\bin\java.dll
0x000000006c4a0000 - 0x000000006c4b5000 	C:\Program Files\Java\jre7\bin\zip.dll

VM Arguments:
jvm_args: -Dfile.encoding=GBK -Xbootclasspath:C:\adt-bundle-windows-x86_64-20140702\sdk\platforms\android-20\android.jar 
java_command: com.zhiyangwang.mobile.Assistance
Launcher Type: SUN_STANDARD

Environment Variables:
PATH=C:/Program Files/Java/jre1.8.0_31/bin/server;C:/Program Files/Java/jre1.8.0_31/bin;C:/Program Files/Java/jre1.8.0_31/lib/amd64;C:\ProgramData\Oracle\Java\javapath;C:\Program Files (x86)\NVIDIA Corporation\PhysX\Common;C:\Windows\system32;C:\Windows;C:\Windows\System32\Wbem;C:\Windows\System32\WindowsPowerShell\v1.0\;C:\Program Files (x86)\Microsoft SQL Server\100\Tools\Binn\;C:\Program Files\Microsoft SQL Server\100\Tools\Binn\;C:\Program Files\Microsoft SQL Server\100\DTS\Binn\;C:\Program Files (x86)\Common Files\Adobe\AGL;C:\Program Files (x86)\PharosSystems\Core;C:\Program Files\MATLAB\R2013a\runtime\win64;C:\Program Files\MATLAB\R2013a\bin;C:\Program Files (x86)\Intel\OpenCL SDK\3.0\bin\x86;C:\Program Files (x86)\Intel\OpenCL SDK\3.0\bin\x64;C:\Users\Kelvin.R.K\Desktop\Developer\adt-bundle-windows-x86_64-20131030\sdk\platform-tools;C:\Users\Kelvin.R.K\Desktop\Developer\adt-bundle-windows-x86_64-20131030\sdk\tools;C:\Program Files (x86)\MiKTeX 2.9\miktex\bin\;C:\Program Files\Microsoft SQL Server\110\Tools\Binn\;C:\Python27\Scripts;C:\MinGW\bin;C:\adt-bundle-windows-x86_64-20140702\sdk\platform-tools;C:\adt-bundle-windows-x86_64-20140702\sdk\tools;C:\Program Files (x86)\MySQL\MySQL Utilities 1.4\;C:\Program Files (x86)\MySQL\MySQL Utilities 1.4\Doctrine extensions for PHP\;C:\Program Files (x86)\MySQL\MySQL Server 5.6\bin;C:\WINDOWS\system32;C:\WINDOWS;C:\WINDOWS\System32\Wbem;C:\WINDOWS\System32\WindowsPowerShell\v1.0\;C:\Program Files\Google\Cloud SDK\google-cloud-sdk\bin;C:\Program Files (x86)\Windows Kits\8.1\Windows Performance Toolkit\;C:\Program Files (x86)\Microsoft SDKs\TypeScript\1.0\;C:\Program Files\Microsoft SQL Server\120\Tools\Binn\;C:\Program Files (x86)\Git\cmd;C:\Program Files (x86)\Skype\Phone\;C:\Program Files\MATLAB\R2013a\bin\win64;C:\adt-bundle-windows-x86_64-20140702\eclipse;
USERNAME=Kelvin.R.K
OS=Windows_NT
PROCESSOR_IDENTIFIER=Intel64 Family 6 Model 60 Stepping 3, GenuineIntel



---------------  S Y S T E M  ---------------

OS: Windows 8 , 64 bit Build 9200 

CPU:total 8 (4 cores per cpu, 2 threads per core) family 6 model 60 stepping 3, cmov, cx8, fxsr, mmx, sse, sse2, sse3, ssse3, sse4.1, sse4.2, popcnt, avx, avx2, aes, erms, ht, tsc, tscinvbit

Memory: 4k page, physical 8102168k(2187968k free), swap 20160792k(11759772k free)

vm_info: Java HotSpot(TM) 64-Bit Server VM (24.51-b03) for windows-amd64 JRE (1.7.0_51-b13), built on Dec 18 2013 18:40:56 by "java_re" with unknown MS VC++:1600

time: Sun Apr 05 18:07:09 2015
elapsed time: 0 seconds

